mode: atomic
github.com/tsel-ticketmaster/tm-user/cmd/web/main.go:17.13,41.12 11 0
github.com/tsel-ticketmaster/tm-user/cmd/web/main.go:41.12,43.3 1 0
github.com/tsel-ticketmaster/tm-user/cmd/web/main.go:45.2,50.15 5 0
github.com/tsel-ticketmaster/tm-user/pkg/errors/errors.go:15.35,17.2 1 0
github.com/tsel-ticketmaster/tm-user/pkg/errors/errors.go:19.67,20.50 1 0
github.com/tsel-ticketmaster/tm-user/pkg/errors/errors.go:20.50,22.3 1 0
github.com/tsel-ticketmaster/tm-user/pkg/errors/errors.go:24.2,30.12 2 0
github.com/tsel-ticketmaster/tm-user/internal/module/auth/http_handler.go:12.57,18.2 2 0
github.com/tsel-ticketmaster/tm-user/internal/module/auth/http_handler.go:20.77,23.2 2 0
github.com/tsel-ticketmaster/tm-user/internal/module/auth/usecase.go:13.49,15.2 1 0
github.com/tsel-ticketmaster/tm-user/internal/module/auth/usecase.go:18.69,20.2 1 0
github.com/tsel-ticketmaster/tm-user/config/config.go:29.34,33.2 3 0
github.com/tsel-ticketmaster/tm-user/config/config.go:35.34,38.2 2 0
github.com/tsel-ticketmaster/tm-user/config/config.go:40.21,46.2 4 0
github.com/tsel-ticketmaster/tm-user/config/config.go:48.20,49.27 1 0
github.com/tsel-ticketmaster/tm-user/config/config.go:49.27,51.3 1 0
github.com/tsel-ticketmaster/tm-user/config/config.go:53.2,53.10 1 0
github.com/tsel-ticketmaster/tm-user/pkg/monitoring/monitoring.go:29.80,50.2 3 0
github.com/tsel-ticketmaster/tm-user/pkg/monitoring/monitoring.go:53.69,54.16 1 0
github.com/tsel-ticketmaster/tm-user/pkg/monitoring/monitoring.go:54.16,56.3 1 0
github.com/tsel-ticketmaster/tm-user/pkg/monitoring/monitoring.go:58.2,65.16 3 0
github.com/tsel-ticketmaster/tm-user/pkg/monitoring/monitoring.go:65.16,68.3 2 0
github.com/tsel-ticketmaster/tm-user/pkg/monitoring/monitoring.go:70.2,82.8 6 0
github.com/tsel-ticketmaster/tm-user/pkg/monitoring/monitoring.go:86.68,87.16 1 0
github.com/tsel-ticketmaster/tm-user/pkg/monitoring/monitoring.go:87.16,89.3 1 0
github.com/tsel-ticketmaster/tm-user/pkg/monitoring/monitoring.go:91.2,92.16 2 0
github.com/tsel-ticketmaster/tm-user/pkg/monitoring/monitoring.go:92.16,95.3 2 0
github.com/tsel-ticketmaster/tm-user/pkg/monitoring/monitoring.go:97.2,97.8 1 0
